<?xml version="1.0" encoding="UTF-8"?>
<testsuite xmlns:xsi="http://www.w3.org/2001/XMLSchema-instance" xsi:schemaLocation="https://maven.apache.org/surefire/maven-surefire-plugin/xsd/surefire-test-report.xsd" name="com.edurekademo.utilities.TestHexAsciiConversion" time="0.018" tests="4" errors="0" skipped="0" failures="0">
  <properties>
    <property name="java.runtime.name" value="OpenJDK Runtime Environment"/>
    <property name="sun.boot.library.path" value="/opt/hostedtoolcache/jdk/8.0.275/x64/jre/lib/amd64"/>
    <property name="java.vm.version" value="25.275-b01"/>
    <property name="jdk.vendor.version" value="Zulu 8.50.0.53-CA-linux64"/>
    <property name="java.vm.vendor" value="Azul Systems, Inc."/>
    <property name="maven.multiModuleProjectDirectory" value="/home/runner/work/CodeDevOps/CodeDevOps"/>
    <property name="java.vendor.url" value="http://www.azulsystems.com/"/>
    <property name="path.separator" value=":"/>
    <property name="guice.disable.misplaced.annotation.check" value="true"/>
    <property name="java.vm.name" value="OpenJDK 64-Bit Server VM"/>
    <property name="file.encoding.pkg" value="sun.io"/>
    <property name="sun.java.launcher" value="SUN_STANDARD"/>
    <property name="sun.os.patch.level" value="unknown"/>
    <property name="java.vm.specification.name" value="Java Virtual Machine Specification"/>
    <property name="user.dir" value="/home/runner/work/CodeDevOps/CodeDevOps"/>
    <property name="java.runtime.version" value="1.8.0_275-b01"/>
    <property name="java.awt.graphicsenv" value="sun.awt.X11GraphicsEnvironment"/>
    <property name="java.endorsed.dirs" value="/opt/hostedtoolcache/jdk/8.0.275/x64/jre/lib/endorsed"/>
    <property name="os.arch" value="amd64"/>
    <property name="java.io.tmpdir" value="/tmp"/>
    <property name="line.separator" value="&#10;"/>
    <property name="java.vm.specification.vendor" value="Oracle Corporation"/>
    <property name="os.name" value="Linux"/>
    <property name="classworlds.conf" value="/usr/share/apache-maven-3.6.3/bin/m2.conf"/>
    <property name="sun.jnu.encoding" value="UTF-8"/>
    <property name="java.library.path" value="/usr/java/packages/lib/amd64:/usr/lib64:/lib64:/lib:/usr/lib"/>
    <property name="maven.conf" value="/usr/share/apache-maven-3.6.3/conf"/>
    <property name="java.specification.name" value="Java Platform API Specification"/>
    <property name="java.class.version" value="52.0"/>
    <property name="sun.management.compiler" value="HotSpot 64-Bit Tiered Compilers"/>
    <property name="os.version" value="5.4.0-1032-azure"/>
    <property name="library.jansi.path" value="/usr/share/apache-maven-3.6.3/lib/jansi-native"/>
    <property name="user.home" value="/home/runner"/>
    <property name="user.timezone" value="Etc/UTC"/>
    <property name="java.awt.printerjob" value="sun.print.PSPrinterJob"/>
    <property name="java.specification.version" value="1.8"/>
    <property name="file.encoding" value="UTF-8"/>
    <property name="user.name" value="runner"/>
    <property name="java.class.path" value="/usr/share/apache-maven-3.6.3/boot/plexus-classworlds-2.6.0.jar"/>
    <property name="java.vm.specification.version" value="1.8"/>
    <property name="sun.arch.data.model" value="64"/>
    <property name="java.home" value="/opt/hostedtoolcache/jdk/8.0.275/x64/jre"/>
    <property name="sun.java.command" value="org.codehaus.plexus.classworlds.launcher.Launcher package --file pom.xml"/>
    <property name="java.specification.vendor" value="Oracle Corporation"/>
    <property name="user.language" value="en"/>
    <property name="awt.toolkit" value="sun.awt.X11.XToolkit"/>
    <property name="java.vm.info" value="mixed mode"/>
    <property name="java.version" value="1.8.0_275"/>
    <property name="java.ext.dirs" value="/opt/hostedtoolcache/jdk/8.0.275/x64/jre/lib/ext:/usr/java/packages/lib/ext"/>
    <property name="securerandom.source" value="file:/dev/./urandom"/>
    <property name="sun.boot.class.path" value="/opt/hostedtoolcache/jdk/8.0.275/x64/jre/lib/resources.jar:/opt/hostedtoolcache/jdk/8.0.275/x64/jre/lib/rt.jar:/opt/hostedtoolcache/jdk/8.0.275/x64/jre/lib/sunrsasign.jar:/opt/hostedtoolcache/jdk/8.0.275/x64/jre/lib/jsse.jar:/opt/hostedtoolcache/jdk/8.0.275/x64/jre/lib/jce.jar:/opt/hostedtoolcache/jdk/8.0.275/x64/jre/lib/charsets.jar:/opt/hostedtoolcache/jdk/8.0.275/x64/jre/lib/jfr.jar:/opt/hostedtoolcache/jdk/8.0.275/x64/jre/classes"/>
    <property name="java.vendor" value="Azul Systems, Inc."/>
    <property name="maven.home" value="/usr/share/apache-maven-3.6.3"/>
    <property name="file.separator" value="/"/>
    <property name="java.vendor.url.bug" value="http://www.azulsystems.com/support/"/>
    <property name="sun.cpu.endian" value="little"/>
    <property name="sun.io.unicode.encoding" value="UnicodeLittle"/>
    <property name="sun.cpu.isalist" value=""/>
  </properties>
  <testcase name="testHexToAsciiValid" classname="com.edurekademo.utilities.TestHexAsciiConversion" time="0.002"/>
  <testcase name="testAsciiToHexNull" classname="com.edurekademo.utilities.TestHexAsciiConversion" time="0"/>
  <testcase name="testHextoAsciiNull" classname="com.edurekademo.utilities.TestHexAsciiConversion" time="0.001"/>
  <testcase name="testAsciiToHexValid" classname="com.edurekademo.utilities.TestHexAsciiConversion" time="0"/>
</testsuite>